<?xml version="1.0" encoding="UTF-8"?>
<!-- Generated by org.testng.reporters.JUnitXMLReporter -->
<testsuite ignored="2" hostname="Hemanjali" failures="1" tests="2" name="E2E Tests" time="123.028" errors="0" timestamp="2025-09-10T23:50:10 IST">
  <testcase classname="tests.E2ERegisterTest" name="testEndToEndEcommerceFlow" time="99.446"/>
  <testcase classname="tests.E2ELoginTest" name="testEndToEndEcommerceFlow" time="16.03">
    <failure type="java.lang.AssertionError" message="Login failed! expected [true] but found [false]">
      <![CDATA[java.lang.AssertionError: Login failed! expected [true] but found [false]
at tests.E2ELoginTest.testEndToEndEcommerceFlow(E2ELoginTest.java:23)
at java.base/java.util.ArrayList.forEach(ArrayList.java:1596)
... Removed 28 stack frames]]>
    </failure>
  </testcase> <!-- testEndToEndEcommerceFlow -->
  <testcase classname="core.BaseTest" name="@AfterSuite tearDownReport" time="0.0">
    <ignored/>
  </testcase> <!-- @AfterSuite tearDownReport -->
  <testcase classname="core.BaseTest" name="@BeforeSuite setupReport" time="0.0">
    <ignored/>
  </testcase> <!-- @BeforeSuite setupReport -->
</testsuite> <!-- E2E Tests -->
